<?xml version="1.0" encoding="UTF-8"?>
<!-- Generated by org.testng.reporters.JUnitXMLReporter -->
<testsuite ignored="0" hostname="LTIN409683" failures="0" tests="13" name="Test" time="51.239" errors="0" timestamp="2024-05-09T12:07:47 IST">
  <testcase classname="TestCases.Tests" name="open_travel_insurance" time="2.793"/>
  <testcase classname="TestCases.Tests" name="select_destination" time="0.644"/>
  <testcase classname="TestCases.Tests" name="click_Date" time="0.898"/>
  <testcase classname="TestCases.Tests" name="click_No_of_persons" time="1.175"/>
  <testcase classname="TestCases.Tests" name="MedicalHistory" time="2.717"/>
  <testcase classname="TestCases.Tests" name="enter_mob_no" time="4.703"/>
  <testcase classname="TestCases.Tests" name="Viewplan" time="9.539"/>
  <testcase classname="TestCases.Tests" name="lowest_prices_of_three_insurances" time="0.442"/>
  <testcase classname="TestCases.Tests" name="print_First_Three_companies" time="0.212"/>
  <testcase classname="TestCases.Tests" name="go_To_Home_Page" time="1.833"/>
  <testcase classname="TestCases.Tests" name="carInsurance" time="9.8"/>
  <testcase classname="TestCases.Tests" name="cardetails" time="3.297"/>
  <testcase classname="TestCases.Tests" name="InputValues" time="0.578"/>
</testsuite> <!-- Test -->
